<?xml version="1.0" encoding="UTF-8"?>
<!-- Generated by org.testng.reporters.JUnitReportReporter -->
<testsuite ignored="0" hostname="MIDL005224" failures="0" tests="1" name="Test.TestNGEj" time="0.008" errors="0" timestamp="07 Nov 2020 18:01:21 GMT" skipped="0">
  <testcase classname="Test.TestNGEj" name="f" time="0.008"/>
</testsuite> <!-- Test.TestNGEj -->
