<?xml version="1.0" encoding="UTF-8"?>
<!-- Generated by org.testng.reporters.JUnitReportReporter -->
<testsuite ignored="0" hostname="MIDL005224" failures="0" tests="1" name="Test.NewTest" time="0.007" errors="0" timestamp="07 Nov 2020 17:43:44 GMT" skipped="0">
  <testcase classname="Test.NewTest" name="f" time="0.007"/>
</testsuite> <!-- Test.NewTest -->
